2021-05-25T11:04:46.418Z : Vapor connected to the game
2021-05-25T11:04:47.299Z : Vapor joined map-1
2021-05-25T11:05:31.028Z : Vapor left map-1
2021-05-25T11:05:31.028Z : Vapor joined map-2
2021-05-25T11:05:52.234Z : Vapor joined map-2
2021-05-25T11:05:53.440Z : Vapor joined map-2
2021-05-25T11:05:58.752Z : Vapor left map-2
2021-05-25T11:05:58.752Z : Vapor joined map-1
2021-05-25T11:06:38.806Z : Vapor left map-1
2021-05-25T11:06:38.807Z : Vapor joined map-2
2021-05-25T11:06:46.552Z : Vapor left map-2
2021-05-25T11:06:46.553Z : Vapor joined map-1
2021-05-25T11:07:14.126Z : Vapor left map-1
2021-05-25T11:07:14.127Z : Vapor joined map-2
2021-05-25T11:07:16.654Z : Vapor left map-2
2021-05-25T11:07:16.654Z : Vapor joined map-1
2021-05-25T11:07:25.578Z : Vapor joined map-1
2021-05-25T11:07:26.711Z : Vapor disconnected from the game.
2021-05-25T11:13:25.831Z : Vapor connected to the game
2021-05-25T11:13:26.698Z : Vapor joined map-1
2021-05-25T11:13:29.293Z : Vapor disconnected from the game.
2021-05-25T11:22:24.973Z : Vapor connected to the game
2021-05-25T11:22:25.848Z : Vapor joined map-1
2021-05-25T11:32:34.482Z : Vapor disconnected from the game.
2021-05-25T11:33:51.076Z : Vapor connected to the game
2021-05-25T11:33:51.955Z : Vapor joined map-1
2021-05-25T11:34:16.414Z : Vapor joined map-1
2021-05-25T11:34:24.702Z : Vapor joined map-1
2021-05-25T11:34:27.606Z : Vapor joined map-1
2021-05-25T11:34:29.196Z : Vapor disconnected from the game.
2021-05-25T11:46:33.160Z : Vapor connected to the game
2021-05-25T11:46:34.023Z : Vapor joined map-1
2021-05-25T11:46:45.275Z : Vapor disconnected from the game.
2021-05-25T11:49:28.074Z : Vapor connected to the game
2021-05-25T11:49:28.944Z : Vapor joined map-1
2021-05-25T11:49:33.846Z : Vapor disconnected from the game.
2021-05-25T11:50:02.354Z : Vapor connected to the game
2021-05-25T11:50:03.229Z : Vapor joined map-1
2021-05-25T11:51:36.213Z : Vapor joined map-1
2021-05-25T11:51:36.979Z : Vapor joined map-1
2021-05-25T11:51:40.614Z : Vapor disconnected from the game.
2021-05-25T12:05:19.752Z : Vapor connected to the game
2021-05-25T12:05:20.647Z : Vapor joined map-1
2021-05-25T12:06:31.502Z : Vapor disconnected from the game.
2021-05-25T12:14:10.019Z : Vapor connected to the game
2021-05-25T12:14:10.896Z : Vapor joined map-1
2021-05-25T12:14:25.502Z : Vapor joined map-1
2021-05-25T12:14:26.696Z : Vapor joined map-1
2021-05-26T04:47:47.276Z : Vapor connected to the game
2021-05-26T04:47:48.144Z : Vapor joined map-1
2021-05-26T04:48:09.354Z : Vapor joined map-1
2021-05-26T04:48:10.352Z : Vapor joined map-1
2021-05-26T04:48:13.383Z : Vapor joined map-1
2021-05-26T04:48:50.183Z : Vapor disconnected from the game.
2021-05-26T05:01:25.055Z : tomtom connected to the game
2021-05-26T05:01:25.921Z : tomtom joined map-1
2021-05-26T05:01:41.911Z : tomtom joined map-1
2021-05-26T05:01:43.542Z : tomtom joined map-1
2021-05-26T05:08:24.134Z : Vapor connected to the game
2021-05-26T05:08:25.330Z : Vapor joined map-1
2021-05-26T05:08:25.360Z : tomtom transmitted its position to xLSKRlKzH5X4MJjYAAAC
2021-05-26T05:10:54.452Z : Vapor joined map-1
2021-05-26T05:10:54.455Z : tomtom transmitted its position to xLSKRlKzH5X4MJjYAAAC
2021-05-26T05:11:03.088Z : Vapor joined map-1
2021-05-26T05:11:03.090Z : tomtom transmitted its position to xLSKRlKzH5X4MJjYAAAC
2021-05-26T05:11:09.678Z : tomtom joined map-1
2021-05-26T05:11:09.709Z : Vapor transmitted its position to RbPQVcsQwtD66azQAAAA
2021-05-26T05:11:50.084Z : Vapor disconnected from the game.
2021-05-26T05:11:58.040Z : tomtom joined map-1
2021-05-26T05:12:00.053Z : tomtom joined map-1
2021-05-26T05:13:47.596Z : Vapor connected to the game
2021-05-26T05:13:48.582Z : Vapor joined map-1
2021-05-26T05:13:48.605Z : tomtom transmitted its position to fJdpheUHj5CnL_M0AAAD
2021-05-26T05:14:05.033Z : Vapor disconnected from the game.
2021-05-26T05:18:43.635Z : Vapor connected to the game
2021-05-26T05:18:44.674Z : Vapor joined map-1
2021-05-26T05:18:44.699Z : tomtom transmitted its position to ccI2Bzzxu3XTgP5AAAAG
2021-05-26T05:18:54.663Z : Vapor disconnected from the game.
2021-05-26T05:19:03.805Z : Vapor connected to the game
2021-05-26T05:19:04.879Z : Vapor joined map-1
2021-05-26T05:19:04.899Z : tomtom transmitted its position to 2WHCBDo_l9QDmTNNAAAH
2021-05-26T05:19:10.568Z : Vapor disconnected from the game.
2021-05-26T05:23:44.058Z : Vapor connected to the game
2021-05-26T05:23:44.914Z : Vapor joined map-1
2021-05-26T05:23:59.476Z : Vapor joined map-1
2021-05-26T05:24:07.183Z : Vapor left map-1
2021-05-26T05:24:07.183Z : Vapor joined map-2
2021-05-26T05:24:13.295Z : Vapor left map-2
2021-05-26T05:24:13.295Z : Vapor joined map-1
2021-05-26T05:24:17.823Z : Vapor joined map-1
2021-05-26T05:24:18.524Z : Vapor joined map-1
2021-05-26T05:26:00.537Z : testOne connected to the game
2021-05-26T05:26:01.563Z : testOne joined map-1
2021-05-26T05:26:01.565Z : Vapor transmitted its position to IOja6WnYa9vSJ4GWAAAB
2021-05-26T05:44:16.085Z : Vapor disconnected from the game.
2021-05-26T05:44:19.280Z : testOne disconnected from the game.
2021-05-26T05:46:26.221Z : Vapor connected to the game
2021-05-26T05:46:27.101Z : Vapor joined map-1
2021-05-26T05:47:41.156Z : testOne connected to the game
2021-05-26T05:47:42.178Z : testOne joined map-1
2021-05-26T05:47:42.183Z : Vapor transmitted its position to X6W7uMn3lsDwkrL_AAAB
2021-05-26T06:00:41.366Z : Vapor disconnected from the game.
2021-05-26T06:00:43.758Z : testOne disconnected from the game.
2021-05-26T06:06:24.358Z : Vapor connected to the game
2021-05-26T06:06:25.256Z : Vapor joined map-1
2021-05-26T06:40:43.919Z : Vapor connected to the game
2021-05-26T06:40:44.788Z : Vapor joined map-1
2021-05-26T06:41:22.365Z : testOne connected to the game
2021-05-26T06:41:23.725Z : testOne joined map-1
2021-05-26T06:41:23.730Z : Vapor transmitted its position to eyeQOUa8SmzvSOV_AAAB
2021-05-26T06:43:33.946Z : testTwo connected to the game
2021-05-26T06:43:35.197Z : testTwo joined map-1
2021-05-26T06:43:35.223Z : Vapor transmitted its position to -_iNAc7x4zya7Di_AAAG
2021-05-26T06:43:35.354Z : testOne transmitted its position to -_iNAc7x4zya7Di_AAAG
2021-05-26T06:43:38.642Z : testTwo joined map-1
2021-05-26T06:43:38.673Z : Vapor transmitted its position to -_iNAc7x4zya7Di_AAAG
2021-05-26T06:43:38.800Z : testOne transmitted its position to -_iNAc7x4zya7Di_AAAG
2021-05-26T06:44:23.680Z : baldalec connected to the game
2021-05-26T06:44:24.841Z : baldalec joined map-1
2021-05-26T06:44:24.872Z : Vapor transmitted its position to E7Vwa2aL4F8g0iBcAAAH
2021-05-26T06:44:24.995Z : testTwo transmitted its position to E7Vwa2aL4F8g0iBcAAAH
2021-05-26T06:44:25.000Z : testOne transmitted its position to E7Vwa2aL4F8g0iBcAAAH
2021-05-26T06:44:26.801Z : baldalec joined map-1
2021-05-26T06:44:26.822Z : Vapor transmitted its position to E7Vwa2aL4F8g0iBcAAAH
2021-05-26T06:44:26.953Z : testTwo transmitted its position to E7Vwa2aL4F8g0iBcAAAH
2021-05-26T06:44:26.962Z : testOne transmitted its position to E7Vwa2aL4F8g0iBcAAAH
2021-05-26T06:47:42.383Z : tomtom connected to the game
2021-05-26T06:47:43.591Z : tomtom joined map-1
2021-05-26T06:47:43.591Z : Vapor transmitted its position to wBnI1drnqpkwTTUNAAAM
2021-05-26T06:47:43.744Z : testTwo transmitted its position to wBnI1drnqpkwTTUNAAAM
2021-05-26T06:47:43.747Z : baldalec transmitted its position to wBnI1drnqpkwTTUNAAAM
2021-05-26T06:47:43.750Z : testOne transmitted its position to wBnI1drnqpkwTTUNAAAM
2021-05-26T06:47:50.678Z : tomtom joined map-1
2021-05-26T06:47:50.679Z : Vapor transmitted its position to wBnI1drnqpkwTTUNAAAM
2021-05-26T06:47:50.833Z : baldalec transmitted its position to wBnI1drnqpkwTTUNAAAM
2021-05-26T06:47:50.839Z : testOne transmitted its position to wBnI1drnqpkwTTUNAAAM
2021-05-26T06:47:50.836Z : testTwo transmitted its position to wBnI1drnqpkwTTUNAAAM
2021-05-26T06:49:19.710Z : tomtom disconnected from the game.
2021-05-26T06:50:55.294Z : tomtom connected to the game
2021-05-26T06:50:56.476Z : tomtom joined map-1
2021-05-26T06:50:56.477Z : Vapor transmitted its position to XoFBpFb9OXCW27qPAAAN
2021-05-26T06:50:56.640Z : testOne transmitted its position to XoFBpFb9OXCW27qPAAAN
2021-05-26T06:50:56.641Z : testTwo transmitted its position to XoFBpFb9OXCW27qPAAAN
2021-05-26T06:50:56.641Z : baldalec transmitted its position to XoFBpFb9OXCW27qPAAAN
2021-05-26T06:51:09.387Z : tomtom disconnected from the game.
2021-05-26T06:56:56.740Z : Vapor left map-1
2021-05-26T06:56:56.741Z : Vapor joined map-2
2021-05-26T06:57:03.946Z : Vapor left map-2
2021-05-26T06:57:03.946Z : Vapor joined map-1
2021-05-26T06:57:04.102Z : testTwo transmitted its position to 0sscmB0H8c-PlnoRAAAA
2021-05-26T06:57:04.102Z : baldalec transmitted its position to 0sscmB0H8c-PlnoRAAAA
2021-05-26T06:57:04.107Z : testOne transmitted its position to 0sscmB0H8c-PlnoRAAAA
2021-05-26T06:58:45.679Z : baldalec joined map-1
2021-05-26T06:58:45.680Z : Vapor transmitted its position to E7Vwa2aL4F8g0iBcAAAH
2021-05-26T06:58:45.836Z : testOne transmitted its position to E7Vwa2aL4F8g0iBcAAAH
2021-05-26T06:58:45.836Z : testTwo transmitted its position to E7Vwa2aL4F8g0iBcAAAH
