2021-05-26T07:00:29.624Z : Vapor transmitted its position to -_iNAc7x4zya7Di_AAAG
2021-05-26T07:00:29.623Z : testTwo joined map-1
2021-05-26T07:00:29.788Z : baldalec transmitted its position to -_iNAc7x4zya7Di_AAAG
2021-05-26T07:00:29.794Z : testOne transmitted its position to -_iNAc7x4zya7Di_AAAG
2021-05-26T07:00:32.038Z : testTwo joined map-1
2021-05-26T07:00:32.039Z : Vapor transmitted its position to -_iNAc7x4zya7Di_AAAG
2021-05-26T07:00:32.194Z : baldalec transmitted its position to -_iNAc7x4zya7Di_AAAG
2021-05-26T07:00:32.210Z : testOne transmitted its position to -_iNAc7x4zya7Di_AAAG
2021-05-26T07:00:33.188Z : testTwo disconnected from the game.
2021-05-26T07:00:55.718Z : testTwo connected to the game
2021-05-26T07:00:56.830Z : testTwo joined map-1
2021-05-26T07:00:56.831Z : Vapor transmitted its position to p9ZThWVm5ySID3S3AAAS
2021-05-26T07:00:56.990Z : baldalec transmitted its position to p9ZThWVm5ySID3S3AAAS
2021-05-26T07:00:56.992Z : testOne transmitted its position to p9ZThWVm5ySID3S3AAAS
2021-05-26T07:00:59.932Z : testTwo joined map-1
2021-05-26T07:00:59.933Z : Vapor transmitted its position to p9ZThWVm5ySID3S3AAAS
2021-05-26T07:01:00.085Z : baldalec transmitted its position to p9ZThWVm5ySID3S3AAAS
2021-05-26T07:01:00.092Z : testOne transmitted its position to p9ZThWVm5ySID3S3AAAS
2021-05-26T07:02:43.547Z : Vapor joined map-1
2021-05-26T07:02:43.707Z : testTwo transmitted its position to 0sscmB0H8c-PlnoRAAAA
2021-05-26T07:02:43.710Z : testOne transmitted its position to 0sscmB0H8c-PlnoRAAAA
2021-05-26T07:02:43.710Z : baldalec transmitted its position to 0sscmB0H8c-PlnoRAAAA
2021-05-26T07:02:44.445Z : Vapor joined map-1
2021-05-26T07:02:44.610Z : testOne transmitted its position to 0sscmB0H8c-PlnoRAAAA
2021-05-26T07:02:44.610Z : testTwo transmitted its position to 0sscmB0H8c-PlnoRAAAA
2021-05-26T07:02:44.610Z : baldalec transmitted its position to 0sscmB0H8c-PlnoRAAAA
2021-05-26T07:08:45.525Z : Blindsided connected to the game
2021-05-26T07:08:46.637Z : Blindsided joined map-1
2021-05-26T07:08:46.638Z : Vapor transmitted its position to iXJCx5hoLacguB8iAAAT
2021-05-26T07:08:46.795Z : baldalec transmitted its position to iXJCx5hoLacguB8iAAAT
2021-05-26T07:08:46.795Z : testTwo transmitted its position to iXJCx5hoLacguB8iAAAT
2021-05-26T07:08:46.797Z : testOne transmitted its position to iXJCx5hoLacguB8iAAAT
2021-05-26T07:11:12.982Z : Vapor joined map-1
2021-05-26T07:11:13.149Z : baldalec transmitted its position to 0sscmB0H8c-PlnoRAAAA
2021-05-26T07:11:13.149Z : Blindsided transmitted its position to 0sscmB0H8c-PlnoRAAAA
2021-05-26T07:11:13.151Z : testOne transmitted its position to 0sscmB0H8c-PlnoRAAAA
2021-05-26T07:11:13.152Z : testTwo transmitted its position to 0sscmB0H8c-PlnoRAAAA
2021-05-26T07:11:40.337Z : Vapor joined map-1
2021-05-26T07:11:40.502Z : testTwo transmitted its position to 0sscmB0H8c-PlnoRAAAA
2021-05-26T07:11:40.502Z : baldalec transmitted its position to 0sscmB0H8c-PlnoRAAAA
2021-05-26T07:11:40.506Z : testOne transmitted its position to 0sscmB0H8c-PlnoRAAAA
2021-05-26T07:11:40.508Z : Blindsided transmitted its position to 0sscmB0H8c-PlnoRAAAA
2021-05-26T07:11:44.646Z : Vapor left map-1
2021-05-26T07:11:44.646Z : Vapor joined map-2
2021-05-26T07:11:45.353Z : Blindsided left map-1
2021-05-26T07:11:45.353Z : Blindsided joined map-2
2021-05-26T07:11:45.354Z : Vapor transmitted its position to iXJCx5hoLacguB8iAAAT
2021-05-26T07:11:48.155Z : Blindsided joined map-2
2021-05-26T07:11:48.156Z : Vapor transmitted its position to iXJCx5hoLacguB8iAAAT
2021-05-26T07:11:51.189Z : Blindsided joined map-2
2021-05-26T07:11:51.193Z : Vapor transmitted its position to iXJCx5hoLacguB8iAAAT
2021-05-26T07:11:51.921Z : Vapor joined map-2
2021-05-26T07:11:52.091Z : Blindsided transmitted its position to 0sscmB0H8c-PlnoRAAAA
2021-05-26T07:11:53.072Z : Vapor joined map-2
2021-05-26T07:11:53.234Z : Blindsided transmitted its position to 0sscmB0H8c-PlnoRAAAA
2021-05-26T07:11:55.420Z : Vapor joined map-2
2021-05-26T07:11:55.588Z : Blindsided transmitted its position to 0sscmB0H8c-PlnoRAAAA
2021-05-26T07:11:59.792Z : Vapor joined map-2
2021-05-26T07:11:59.958Z : Blindsided transmitted its position to 0sscmB0H8c-PlnoRAAAA
2021-05-26T07:12:02.871Z : Vapor left map-2
2021-05-26T07:12:02.871Z : Vapor joined map-1
2021-05-26T07:12:03.037Z : baldalec transmitted its position to 0sscmB0H8c-PlnoRAAAA
2021-05-26T07:12:03.040Z : testTwo transmitted its position to 0sscmB0H8c-PlnoRAAAA
2021-05-26T07:12:03.042Z : testOne transmitted its position to 0sscmB0H8c-PlnoRAAAA
2021-05-26T07:12:43.135Z : Vapor left map-1
2021-05-26T07:12:43.135Z : Vapor joined map-2
2021-05-26T07:12:43.292Z : Blindsided transmitted its position to 0sscmB0H8c-PlnoRAAAA
2021-05-26T07:12:49.735Z : Vapor joined map-2
2021-05-26T07:12:49.903Z : Blindsided transmitted its position to 0sscmB0H8c-PlnoRAAAA
2021-05-26T07:12:53.038Z : Vapor left map-2
2021-05-26T07:12:53.039Z : Vapor joined map-1
2021-05-26T07:12:53.202Z : testOne transmitted its position to 0sscmB0H8c-PlnoRAAAA
2021-05-26T07:12:53.203Z : testTwo transmitted its position to 0sscmB0H8c-PlnoRAAAA
2021-05-26T07:12:53.212Z : baldalec transmitted its position to 0sscmB0H8c-PlnoRAAAA
2021-05-26T07:13:14.286Z : Vapor disconnected from the game.
2021-05-26T07:13:21.683Z : testOne left map-1
2021-05-26T07:13:21.683Z : testOne joined map-2
2021-05-26T07:13:21.848Z : Blindsided transmitted its position to eyeQOUa8SmzvSOV_AAAB
2021-05-26T07:13:44.497Z : testOne left map-2
2021-05-26T07:13:44.497Z : testOne joined map-1
2021-05-26T07:13:44.659Z : testTwo transmitted its position to eyeQOUa8SmzvSOV_AAAB
2021-05-26T07:13:44.659Z : baldalec transmitted its position to eyeQOUa8SmzvSOV_AAAB
2021-05-26T07:13:48.820Z : testOne joined map-1
2021-05-26T07:13:48.973Z : testTwo transmitted its position to eyeQOUa8SmzvSOV_AAAB
2021-05-26T07:13:48.977Z : baldalec transmitted its position to eyeQOUa8SmzvSOV_AAAB
2021-05-26T07:13:49.669Z : testOne joined map-1
2021-05-26T07:13:49.825Z : baldalec transmitted its position to eyeQOUa8SmzvSOV_AAAB
2021-05-26T07:13:49.829Z : testTwo transmitted its position to eyeQOUa8SmzvSOV_AAAB
2021-05-26T07:13:50.683Z : testOne joined map-1
2021-05-26T07:13:50.835Z : testTwo transmitted its position to eyeQOUa8SmzvSOV_AAAB
2021-05-26T07:13:50.848Z : baldalec transmitted its position to eyeQOUa8SmzvSOV_AAAB
2021-05-26T07:13:56.130Z : testOne disconnected from the game.
2021-05-26T07:14:40.650Z : testTwo disconnected from the game.
2021-05-26T07:14:50.761Z : baldalec left map-1
2021-05-26T07:14:50.761Z : baldalec joined map-2
2021-05-26T07:14:50.916Z : Blindsided transmitted its position to E7Vwa2aL4F8g0iBcAAAH
2021-05-26T07:14:53.776Z : baldalec left map-2
2021-05-26T07:14:53.776Z : baldalec joined map-1
2021-05-26T07:15:24.673Z : Blindsided disconnected from the game.
2021-05-26T07:16:35.030Z : baldalec joined map-1
2021-05-26T07:16:36.009Z : baldalec joined map-1
2021-05-26T07:16:47.140Z : baldalec left map-1
2021-05-26T07:16:47.140Z : baldalec joined map-2
2021-05-26T07:16:56.765Z : baldalec left map-2
2021-05-26T07:16:56.765Z : baldalec joined map-1
2021-05-26T07:17:32.472Z : baldalec joined map-1
2021-05-26T07:17:33.702Z : baldalec joined map-1
2021-05-26T07:17:36.030Z : baldalec joined map-1
2021-05-26T07:17:53.067Z : baldalec left map-1
2021-05-26T07:17:53.067Z : baldalec joined map-2
2021-05-26T07:17:55.651Z : baldalec left map-2
2021-05-26T07:17:55.651Z : baldalec joined map-1
2021-05-26T07:20:37.227Z : baldalec disconnected from the game.
2021-05-26T07:22:06.740Z : Vapor connected to the game
2021-05-26T07:22:07.856Z : Vapor joined map-1
2021-05-26T07:27:52.968Z : ziggler connected to the game
2021-05-26T07:27:54.057Z : ziggler joined map-1
2021-05-26T07:27:54.214Z : Vapor transmitted its position to 4uY862d5Hyg6djeKAAAX
2021-05-26T07:28:14.700Z : Vapor joined map-1
2021-05-26T07:28:14.847Z : ziggler transmitted its position to fHr-mRtPX02nRi_0AAAW
2021-05-26T07:28:15.540Z : Vapor joined map-1
2021-05-26T07:28:15.686Z : ziggler transmitted its position to fHr-mRtPX02nRi_0AAAW
2021-05-26T07:28:37.229Z : Vapor joined map-1
2021-05-26T07:28:37.379Z : ziggler transmitted its position to fHr-mRtPX02nRi_0AAAW
2021-05-26T07:28:38.212Z : Vapor joined map-1
2021-05-26T07:28:38.448Z : ziggler transmitted its position to fHr-mRtPX02nRi_0AAAW
2021-05-26T07:28:44.741Z : Vapor joined map-1
2021-05-26T07:28:44.883Z : ziggler transmitted its position to fHr-mRtPX02nRi_0AAAW
2021-05-26T07:28:45.853Z : ziggler joined map-1
2021-05-26T07:28:46.006Z : Vapor transmitted its position to 4uY862d5Hyg6djeKAAAX
2021-05-26T07:28:46.110Z : Vapor joined map-1
2021-05-26T07:28:46.281Z : ziggler transmitted its position to fHr-mRtPX02nRi_0AAAW
2021-05-26T07:28:49.267Z : Vapor joined map-1
2021-05-26T07:28:49.417Z : ziggler transmitted its position to fHr-mRtPX02nRi_0AAAW
2021-05-26T07:29:31.195Z : Vapor joined map-1
2021-05-26T07:29:31.342Z : ziggler transmitted its position to fHr-mRtPX02nRi_0AAAW
2021-05-26T07:29:34.633Z : Vapor left map-1
2021-05-26T07:29:34.633Z : Vapor joined map-2
2021-05-26T07:29:42.033Z : Vapor joined map-2
2021-05-26T07:29:52.412Z : Vapor left map-2
2021-05-26T07:29:52.412Z : Vapor joined map-1
2021-05-26T07:29:52.705Z : ziggler transmitted its position to fHr-mRtPX02nRi_0AAAW
2021-05-26T07:30:33.217Z : ziggler left map-1
2021-05-26T07:30:33.217Z : ziggler joined map-2
2021-05-26T07:30:35.366Z : Vapor joined map-1
2021-05-26T07:30:37.484Z : Vapor left map-1
2021-05-26T07:30:37.484Z : Vapor joined map-2
2021-05-26T07:30:37.629Z : ziggler transmitted its position to fHr-mRtPX02nRi_0AAAW
2021-05-26T07:30:48.852Z : Vapor joined map-2
2021-05-26T07:30:49.005Z : ziggler transmitted its position to fHr-mRtPX02nRi_0AAAW
2021-05-26T07:31:05.251Z : Vapor left map-2
2021-05-26T07:31:05.251Z : Vapor joined map-1
2021-05-26T07:31:09.215Z : ziggler left map-2
2021-05-26T07:31:09.215Z : ziggler joined map-1
2021-05-26T07:31:09.372Z : Vapor transmitted its position to 4uY862d5Hyg6djeKAAAX
2021-05-26T07:31:14.230Z : Vapor left map-1
2021-05-26T07:31:14.230Z : Vapor joined map-2
2021-05-26T07:31:16.175Z : Vapor joined map-2
2021-05-26T07:31:17.196Z : Vapor joined map-2
2021-05-26T07:31:22.950Z : Vapor joined map-2
2021-05-26T07:31:24.855Z : Vapor left map-2
2021-05-26T07:31:24.855Z : Vapor joined map-1
2021-05-26T07:31:25.131Z : ziggler transmitted its position to fHr-mRtPX02nRi_0AAAW
2021-05-26T07:31:54.679Z : Vapor joined map-1
2021-05-26T07:31:54.821Z : ziggler transmitted its position to fHr-mRtPX02nRi_0AAAW
2021-05-26T07:31:55.795Z : Vapor joined map-1
2021-05-26T07:31:55.942Z : ziggler transmitted its position to fHr-mRtPX02nRi_0AAAW
2021-05-26T07:32:20.041Z : ziggler joined map-1
2021-05-26T07:32:20.196Z : Vapor transmitted its position to 4uY862d5Hyg6djeKAAAX
2021-05-26T07:32:29.248Z : ziggler joined map-1
2021-05-26T07:32:29.399Z : Vapor transmitted its position to 4uY862d5Hyg6djeKAAAX
2021-05-26T07:32:30.080Z : ziggler joined map-1
2021-05-26T07:32:30.240Z : Vapor transmitted its position to 4uY862d5Hyg6djeKAAAX
2021-05-26T07:34:50.815Z : ziggler disconnected from the game.
2021-05-26T07:34:50.816Z : Vapor disconnected from the game.
2021-05-26T07:34:56.184Z : ziggler connected to the game
2021-05-26T07:34:57.416Z : ziggler joined map-1
2021-05-26T07:35:02.849Z : ziggler left map-1
2021-05-26T07:35:02.849Z : ziggler joined map-2
2021-05-26T07:35:04.219Z : ziggler left map-2
2021-05-26T07:35:04.219Z : ziggler joined map-1
2021-05-26T07:35:38.912Z : Vapor connected to the game
2021-05-26T07:35:40.032Z : Vapor joined map-1
2021-05-26T07:35:40.189Z : ziggler transmitted its position to Xp_-ycEOaBdpw1n9AAAd
2021-05-26T07:36:14.492Z : Vapor joined map-1
2021-05-26T07:36:14.789Z : ziggler transmitted its position to Xp_-ycEOaBdpw1n9AAAd
2021-05-26T07:37:53.507Z : ziggler joined map-1
2021-05-26T07:37:53.675Z : Vapor transmitted its position to jNi6xZHQe1KNYxHlAAAc
2021-05-26T07:39:28.912Z : GarChomp connected to the game
2021-05-26T07:39:30.031Z : GarChomp joined map-1
2021-05-26T07:39:30.176Z : ziggler transmitted its position to MSbwChj-MzeuaZkmAAAe
2021-05-26T07:39:30.198Z : Vapor transmitted its position to MSbwChj-MzeuaZkmAAAe
2021-05-26T07:39:49.627Z : GarChomp joined map-1
2021-05-26T07:39:49.812Z : ziggler transmitted its position to MSbwChj-MzeuaZkmAAAe
2021-05-26T07:39:49.819Z : Vapor transmitted its position to MSbwChj-MzeuaZkmAAAe
2021-05-26T07:40:20.137Z : Vapor left map-1
2021-05-26T07:40:20.137Z : Vapor joined map-2
2021-05-26T07:40:20.285Z : ziggler left map-1
2021-05-26T07:40:20.285Z : ziggler joined map-2
2021-05-26T07:40:20.447Z : Vapor transmitted its position to jNi6xZHQe1KNYxHlAAAc
2021-05-26T07:40:21.830Z : GarChomp left map-1
2021-05-26T07:40:21.830Z : GarChomp joined map-2
2021-05-26T07:40:21.973Z : ziggler transmitted its position to MSbwChj-MzeuaZkmAAAe
2021-05-26T07:40:21.986Z : Vapor transmitted its position to MSbwChj-MzeuaZkmAAAe
2021-05-26T07:40:23.530Z : GarChomp left map-2
2021-05-26T07:40:23.530Z : GarChomp joined map-1
2021-05-26T07:40:26.194Z : GarChomp left map-1
2021-05-26T07:40:26.194Z : GarChomp joined map-2
2021-05-26T07:40:26.338Z : ziggler transmitted its position to MSbwChj-MzeuaZkmAAAe
2021-05-26T07:40:26.356Z : Vapor transmitted its position to MSbwChj-MzeuaZkmAAAe
2021-05-26T07:40:55.294Z : GarChomp disconnected from the game.
2021-05-26T07:42:06.155Z : Vapor disconnected from the game.
